000004
000008
000032
000034
000059
000069
000070
000153
000400
000404
000408
000409
000410
000416
000417
000425
000498
000506
000517
000519
000523
000524
000545
000546
000557
000564
000568
000572
000584
000587
000592
000598
000599
000600
000601
000605
000606
000607
000609
000630
000637
000652
000657
000663
000672
000685
000687
000695
000701
000710
000713
000718
000721
000727
000733
000738
000739
000757
000762
000767
000768
000786
000792
000799
000801
000807
000809
000811
000813
000823
000826
000829
000830
000831
000833
000836
000851
000881
000886
000887
000892
000903
000908
000917
000918
000923
000928
000939
000949
000950
000960
000969
000971
000972
000976
000980
000981
000989
000997
000998
001896
002002
002004
002005
002006
002009
002010
002011
002020
002023
002026
002033
002037
002039
002044
002048
002049
002057
002059
002065
002066
002067
002069
002077
002079
002091
002092
002093
002096
002099
002101
002102
002106
002113
002118
002125
002130
002131
002135
002136
002138
002144
002157
002160
002161
002164
002169
002171
002173
002179
002180
002181
002190
002192
002197
002198
002200
002209
002211
002212
002214
002217
002218
002219
002220
002228
002229
002231
002232
002233
002234
002235
002237
002239
002248
002253
002254
002259
002273
002281
002284
002288
002289
002296
002297
002298
002300
002305
002310
002313
002317
002321
002329
002331
002332
002338
002339
002344
002347
002349
002352
002353
002358
002361
002368
002373
002376
002379
002383
002385
002389
002396
002402
002405
002407
002435
002441
002444
002448
002453
002458
002459
002460
002465
002472
002476
002488
002494
002501
002503
002505
002506
002507
002516
002519
002522
002523
002536
002537
002540
002544
002545
002555
002561
002562
002564
002571
002576
002585
002586
002587
002589
002598
002600
002601
002603
002604
002611
002620
002626
002633
002637
002641
002642
002650
002651
002659
002661
002665
002671
002675
002680
002683
002695
002698
002709
002715
002727
002732
002749
002770
002788
002797
002806
002808
002809
002839
002935
300004
300006
300007
300008
300009
300012
300020
300025
300029
300032
300045
300050
300059
300066
300072
300073
300075
300080
300081
300083
300084
300090
300097
300099
300103
300106
300118
300128
300133
300140
300142
300144
300150
300159
300161
300169
300180
300181
300185
300187
300189
300190
300196
300200
300212
300215
300224
300234
300247
300252
300261
300280
300287
300291
300296
300299
300304
300313
300315
300321
300330
300349
300355
300358
300362
300366
300375
300381
300388
300389
300390
300410
300420
300425
300446
300452
300470
300489
300491
300499
300520
300523
300525
300554
300556
300557
300565
300579
300597
300604
300607
300610
300642
300648
300651
300665
300672
300690
300696
300706
300709
300711
300712
300713
300730
300747
300748
600035
600039
600048
600059
600074
600082
600086
600093
600097
600100
600117
600131
600135
600137
600149
600155
600160
600179
600189
600195
600198
600203
600206
600216
600217
600223
600225
600237
600239
600241
600248
600259
600279
600285
600290
600299
600306
600310
600313
600325
600354
600359
600369
600373
600375
600390
600409
600419
600420
600426
600433
600448
600460
600461
600462
600480
600482
600485
600487
600497
600498
600499
600526
600527
600536
600565
600567
600578
600579
600580
600584
600587
600590
600596
600608
600622
600643
600651
600661
600666
600676
600681
600691
600699
600706
600707
600710
600714
600715
600720
600721
600722
600734
600736
600738
600744
600748
600757
600758
600770
600771
600794
600807
600817
600847
600850
600855
600858
600869
600881
600889
600963
600971
600973
600978
600979
600982
600984
600985
600990
600995
600998
601008
601012
601369
601608
601668
601789
601799
601886
601990
603017
603019
603032
603077
603111
603167
603298
603333
603357
603369
603496
603518
603606
603633
603648
603686
603698
603977
603978
