000001
000021
000023
000060
000502
000516
000518
000533
000538
000567
000616
000638
000662
000671
000677
000690
000691
000707
000708
000732
000735
000782
000796
000816
000835
000861
000882
000889
000979
000996
002001
002014
002018
002021
002042
002052
002064
002072
002090
002107
002108
002133
002146
002153
002199
002207
002270
002277
002287
002336
002363
002397
002450
002481
002906
002927
300046
300052
300088
300130
300695
300699
600007
600008
600052
600078
600080
600081
600090
600091
600095
600139
600146
600165
600167
600199
600209
600210
600212
600219
600220
600232
600240
600246
600251
600252
600267
600275
600277
600282
600288
600301
600303
600305
600308
600309
600311
600327
600331
600361
600370
600382
600385
600393
600421
600463
600467
600496
600515
600529
600561
600568
600595
600599
600605
600641
600654
600671
600673
600678
600703
600730
600753
600756
600759
600768
600779
600781
600782
600803
600805
600811
600816
600823
600836
600865
600868
600884
600896
600987
600992
601168
601200
601500
603103
603329
603389
603567
603603
603708
603766
603797
603829
603919
603959
603970
603991
