000005
000006
000007
000009
000035
000036
000038
000042
000048
000062
000078
000150
000158
000159
000333
000407
000426
000501
000514
000526
000534
000540
000558
000560
000566
000571
000573
000593
000595
000603
000611
000612
000615
000623
000626
000627
000639
000650
000656
000667
000673
000676
000683
000703
000711
000712
000716
000760
000766
000777
000790
000793
000795
000812
000820
000821
000838
000876
000902
000910
000915
000925
000926
000936
000955
000961
000975
000982
001696
002003
002007
002008
002015
002016
002017
002019
002029
002031
002034
002035
002038
002043
002045
002047
002050
002051
002055
002056
002071
002073
002074
002076
002078
002081
002082
002083
002085
002086
002089
002097
002098
002103
002104
002111
002115
002117
002119
002120
002121
002122
002123
002124
002126
002127
002132
002137
002143
002145
002147
002148
002154
002159
002165
002166
002168
002174
002175
002176
002178
002182
002184
002188
002191
002194
002195
002196
002201
002203
002206
002210
002213
002215
002216
002223
002225
002227
002230
002240
002242
002244
002247
002249
002250
002251
002255
002256
002261
002263
002264
002266
002269
002272
002275
002276
002278
002279
002282
002286
002290
002293
002295
002301
002303
002306
002308
002311
002312
002314
002315
002319
002322
002324
002325
002327
002328
002335
002337
002340
002341
002343
002345
002346
002350
002351
002354
002355
002357
002359
002360
002364
002365
002366
002367
002369
002370
002372
002374
002375
002377
002378
002380
002381
002382
002384
002387
002388
002391
002392
002398
002400
002403
002404
002406
002408
002409
002410
002411
002412
002413
002414
002415
002416
002417
002421
002422
002424
002426
002428
002429
002431
002433
002436
002438
002439
002440
002442
002443
002445
002446
002447
002451
002452
002455
002456
002457
002466
002469
002471
002474
002477
002478
002479
002480
002482
002487
002489
002491
002493
002495
002497
002498
002499
002502
002504
002508
002509
002512
002515
002517
002520
002521
002526
002527
002528
002532
002533
002534
002535
002538
002541
002542
002543
002546
002547
002548
002550
002551
002552
002553
002554
002558
002559
002560
002563
002566
002568
002569
002578
002580
002581
002582
002583
002584
002588
002590
002591
002592
002593
002595
002597
002599
002606
002607
002609
002612
002613
002615
002616
002617
002619
002621
002622
002624
002625
002628
002629
002630
002631
002632
002634
002639
002640
002645
002647
002649
002652
002653
002654
002656
002657
002658
002660
002663
002664
002666
002667
002668
002674
002677
002684
002688
002690
002691
002692
002694
002696
002697
002699
002700
002702
002706
002707
002708
002711
002713
002717
002718
002719
002721
002724
002725
002728
002730
002731
002733
002734
002735
002737
002738
002739
002740
002741
002742
002743
002745
002746
002751
002753
002755
002756
002757
002758
002760
002761
002762
002763
002765
002766
002767
002768
002769
002771
002772
002773
002774
002775
002776
002778
002779
002780
002781
002787
002789
002790
002791
002793
002796
002800
002801
002802
002803
002805
002807
002810
002813
002815
002816
002817
002818
002822
002823
002824
002825
002826
002829
002831
002832
002833
002835
002837
002838
002842
002846
002847
002848
002849
002850
002852
002853
002856
002857
002858
002859
002860
002861
002862
002864
002865
002866
002869
002870
002871
002873
002875
002876
002877
002878
002879
002881
002882
002884
002885
002886
002887
002889
002890
002892
002893
002895
002897
002898
002900
002902
002903
002905
002907
002908
002909
002912
002913
002915
002917
002918
002919
002922
002923
002925
002928
002929
002930
002931
002932
002933
300001
300002
300005
300010
300011
300015
300016
300017
300018
300019
300021
300022
300023
300026
300027
300028
300030
300033
300035
300036
300037
300038
300039
300040
300041
300042
300043
300044
300047
300048
300049
300051
300054
300055
300056
300057
300061
300063
300064
300065
300067
300068
300069
300070
300071
300074
300076
300078
300079
300082
300085
300086
300089
300091
300092
300095
300096
300098
300100
300101
300102
300104
300107
300108
300109
300110
300112
300113
300116
300119
300121
300122
300123
300124
300125
300126
300129
300132
300134
300135
300136
300137
300138
300139
300141
300143
300145
300147
300148
300151
300152
300154
300155
300156
300157
300158
300162
300163
300164
300165
300166
300167
300168
300170
300171
300172
300173
300174
300177
300178
300179
300182
300192
300193
300197
300198
300199
300201
300202
300204
300207
300208
300209
300210
300211
300213
300214
300216
300217
300220
300221
300222
300226
300227
300228
300229
300230
300231
300233
300235
300237
300238
300239
300240
300241
300242
300243
300244
300245
300246
300248
300249
300250
300251
300253
300254
300255
300257
300258
300259
300262
300263
300264
300265
300266
300267
300268
300269
300270
300272
300273
300274
300275
300276
300277
300278
300281
300282
300283
300284
300286
300288
300289
300290
300292
300294
300295
300298
300300
300301
300302
300305
300306
300312
300314
300318
300319
300320
300322
300324
300325
300326
300331
300335
300336
300337
300338
300339
300342
300343
300344
300347
300350
300351
300352
300353
300354
300356
300357
300360
300364
300365
300367
300368
300370
300371
300374
300377
300379
300380
300383
300384
300385
300386
300391
300392
300395
300396
300397
300399
300400
300403
300404
300405
300407
300409
300411
300412
300414
300416
300417
300418
300419
300421
300422
300423
300424
300426
300427
300428
300429
300431
300432
300434
300435
300437
300438
300439
300440
300441
300443
300444
300445
300447
300448
300449
300451
300453
300456
300457
300459
300462
300464
300466
300467
300469
300471
300472
300474
300475
300477
300479
300480
300481
300483
300484
300485
300486
300487
300488
300490
300492
300493
300494
300495
300497
300500
300501
300503
300504
300505
300506
300507
300509
300510
300512
300513
300514
300515
300517
300518
300519
300530
300532
300533
300535
300537
300538
300539
300540
300541
300542
300543
300545
300546
300550
300551
300552
300553
300555
300559
300561
300562
300563
300567
300568
300569
300570
300571
300572
300576
300577
300580
300581
300583
300584
300585
300586
300587
300588
300589
300591
300593
300595
300600
300601
300602
300603
300608
300611
300615
300616
300617
300618
300619
300621
300622
300623
300624
300625
300626
300627
300628
300632
300633
300634
300635
300638
300640
300643
300645
300647
300649
300650
300652
300654
300656
300658
300659
300663
300666
300667
300668
300669
300670
300673
300677
300679
300680
300681
300684
300686
300687
300688
300689
300692
300693
300697
300698
300700
300702
300703
300705
300708
300710
300715
300716
300717
300718
300719
300720
300721
300723
300724
300725
300726
300727
300731
300733
300736
300737
300738
300739
300740
300742
300743
300745
300746
300749
300750
600019
600031
600050
600055
600066
600070
600076
600077
600079
600083
600089
600105
600110
600112
600122
600128
600136
600143
600152
600162
600171
600173
600175
600177
600180
600200
600201
600218
600222
600226
600233
600234
600242
600255
600256
600257
600261
600271
600273
600276
600280
600289
600298
600315
600321
600330
600337
600351
600352
600353
600355
600360
600365
600380
600387
600388
600400
600405
600408
600410
600422
600438
600446
600477
600478
600490
600491
600503
600507
600512
600516
600518
600520
600521
600525
600532
600538
600556
600557
600566
600571
600572
600573
600576
600586
600588
600589
600594
600597
600603
600615
600634
600645
600652
600668
600682
600693
600711
600718
600728
600735
600763
600766
600767
600777
600785
600797
600804
600828
600867
600882
600891
600892
600965
600970
600976
600986
600988
600993
601010
601011
601020
601021
601028
601058
601086
601116
601126
601127
601139
601155
601208
601216
601222
601258
601311
601360
601519
601567
601599
601636
601677
601678
601700
603001
603003
603007
603008
603009
603010
603012
603016
603018
603020
603021
603022
603023
603027
603029
603030
603031
603033
603036
603038
603039
603040
603041
603042
603045
603050
603056
603058
603059
603063
603067
603076
603078
603079
603080
603085
603086
603088
603089
603096
603098
603101
603105
603106
603108
603113
603116
603127
603129
603131
603136
603138
603156
603159
603161
603165
603166
603168
603178
603179
603180
603181
603183
603186
603188
603189
603192
603196
603198
603200
603208
603218
603222
603223
603225
603232
603233
603238
603239
603258
603266
603268
603277
603278
603283
603286
603288
603300
603301
603303
603311
603313
603315
603316
603319
603320
603321
603322
603323
603330
603331
603336
603338
603339
603345
603348
603356
603358
603359
603363
603365
603366
603367
603377
603378
603380
603383
603385
603387
603388
603393
603396
603399
603416
603421
603429
603456
603458
603466
603477
603488
603499
603500
603501
603505
603506
603507
603508
603515
603516
603517
603519
603527
603528
603533
603535
603536
603538
603558
603559
603566
603568
603569
603577
603578
603579
603583
603585
603586
603587
603588
603595
603598
603600
603601
603602
603605
603607
603611
603612
603615
603616
603617
603618
603619
603626
603636
603637
603639
603655
603656
603657
603659
603660
603661
603666
603667
603668
603669
603676
603677
603678
603679
603683
603690
603701
603703
603706
603709
603711
603713
603717
603722
603726
603729
603730
603733
603737
603738
603757
603767
603768
603773
603776
603777
603778
603779
603787
603789
603790
603803
603806
603809
603810
603811
603813
603818
603819
603823
603825
603826
603828
603833
603838
603839
603843
603848
603855
603856
603859
603861
603868
603869
603871
603876
603878
603879
603880
603882
603885
603887
603889
603890
603895
603896
603897
603898
603899
603901
603908
603909
603916
603917
603918
603926
603928
603936
603937
603938
603960
603963
603966
603969
603976
603979
603980
603988
603989
603996
603998
