000040
000046
000050
000090
000096
000411
000415
000420
000422
000428
000430
000504
000507
000525
000528
000531
000537
000543
000544
000551
000552
000563
000582
000589
000591
000617
000620
000629
000631
000632
000665
000678
000686
000688
000700
000705
000709
000719
000720
000722
000723
000728
000729
000736
000737
000750
000752
000753
000778
000783
000785
000789
000791
000806
000815
000837
000852
000858
000859
000860
000862
000875
000877
000878
000880
000885
000888
000899
000909
000911
000922
000929
000931
000933
000938
000958
000963
000965
000968
000977
000978
000988
000990
000995
000999
001965
001979
002012
002013
002040
002046
002061
002068
002070
002075
002080
002100
002110
002114
002129
002149
002152
002155
002156
002158
002163
002185
002187
002193
002243
002246
002262
002268
002274
002302
002304
002320
002430
002462
002500
002608
002643
002644
002646
002682
002786
002827
002920
002926
300024
300205
300402
300413
300516
300527
300676
600000
600017
600018
600022
600037
600038
600056
600057
600061
600068
600072
600073
600075
600084
600096
600098
600108
600109
600120
600121
600129
600130
600133
600138
600141
600151
600157
600163
600168
600169
600170
600184
600185
600186
600187
600191
600192
600197
600207
600227
600229
600235
600238
600243
600266
600268
600281
600283
600284
600291
600312
600316
600326
600328
600333
600335
600338
600339
600340
600343
600363
600372
600376
600379
600391
600397
600403
600416
600418
600425
600428
600439
600444
600455
600458
600459
600468
600470
600475
600488
600489
600495
600500
600501
600502
600509
600511
600513
600522
600528
600531
600540
600543
600551
600558
600563
600575
600577
600582
600616
600621
600624
600633
600636
600657
600658
600683
600686
600687
600705
600716
600723
600724
600727
600731
600737
600740
600741
600743
600745
600746
600747
600750
600760
600765
600769
600784
600790
600792
600798
600820
600830
600831
600839
600859
600863
600864
600866
600870
600879
600880
600883
600885
600888
600890
600894
600959
600960
600967
600975
600980
600981
601000
601006
601099
601555
601579
601801
601900
601901
601952
601969
601989
603060
603299
603881
603999
