000014
000031
000043
000049
000066
000088
000089
000151
000155
000402
000520
000548
000565
000619
000635
000655
000661
000680
000682
000702
000751
000755
000758
000779
000780
000788
000798
000800
000850
000890
000912
000920
000927
000937
000948
000957
000959
000973
000983
000987
002025
002053
002109
002134
002140
002204
002222
002238
002307
002401
300328
600006
600020
600025
600053
600058
600062
600071
600088
600101
600111
600118
600119
600125
600127
600148
600156
600161
600178
600215
600228
600270
600317
600367
600389
600395
600415
600449
600452
600456
600469
600476
600506
600508
600517
600523
600533
600649
600653
600662
600674
600694
600702
600725
600764
600780
600783
600810
600812
600814
600815
600846
600857
600861
600897
600936
600961
600997
601003
601007
601019
601595
601611
601949
601958
603069
603099
603693
