000401
002022
002024
002032
002088
002094
002150
002221
002245
002252
002280
002291
002316
002323
002326
002333
002356
002390
002427
002437
002468
002483
002492
002514
002524
002539
002549
002570
002577
002579
002602
002662
002685
002689
002714
002722
002726
002759
002785
002867
002937
300031
300094
300111
300120
300191
300194
300203
300206
300225
300236
300285
300308
300309
300317
300341
300430
300450
300454
300463
300465
300473
300476
300496
300526
300566
300573
300575
300590
300613
300637
300639
300653
300655
300660
300682
300683
300729
600172
600211
600260
600366
600535
600690
600856
600873
600933
601137
601233
601366
601566
601877
601882
601996
603002
603015
603066
603139
603203
603214
603226
603229
603305
603318
603328
603368
603398
603556
603589
603608
603609
603630
603650
603663
603680
603688
603718
603801
603808
603816
603877
603883
603886
603900
603903
603912
603939
603985
603986
603997
