000651
000895
000935
002141
002186
002260
002294
002394
002399
002432
002464
002473
002529
002557
002574
002655
002676
002701
002729
002748
002750
002782
002795
002836
002840
002855
002863
002868
002891
002896
002938
300093
300149
300153
300175
300176
300293
300307
300329
300333
300415
300442
300460
300478
300521
300531
300598
300612
300620
300641
300662
300664
300671
300685
300701
300735
300741
600300
600318
600398
600739
600854
601100
601388
601515
601619
601966
603055
603083
603177
603228
603260
603289
603309
603335
603337
603355
603360
603386
603486
603555
603557
603658
603665
603685
603699
603716
603727
603728
603798
603800
603822
603858
603920
603922
603929
603933
