000802
002063
002139
002226
002236
002271
002285
002334
002362
002454
002467
002511
002518
002596
002614
002638
002681
002687
002712
002723
002798
002811
002812
002828
002830
002841
002851
300013
300014
300058
300062
300077
300115
300131
300184
300188
300195
300219
300232
300279
300297
300303
300310
300311
300327
300363
300373
300376
300393
300458
300461
300502
300511
300529
300578
300582
300599
300606
300609
300629
600466
601616
601777
601908
603006
603081
603090
603110
603118
603197
603269
603326
603725
603758
